{ create: [Function: create],
  update: [Function: update],
  find: [Function: find],
  findById: [Function: findById],
  delete: [Function: delete] }
Tue Jun 20 2017 22:43:43 GMT+0100 (GMT Daylight Time) South Africa entity created
Tue Jun 20 2017 22:43:43 GMT+0100 (GMT Daylight Time) Connected to: mongodb://localhost/Seabiscuit
[0mGET /notification [32m200 [0m61.128 ms - 31[0m
undefined
[0mGET /favicon.ico [31m500 [0m1.331 ms - 44[0m
{ create: [Function: create],
  update: [Function: update],
  find: [Function: find],
  findById: [Function: findById],
  delete: [Function: delete] }
[0mGET /notification [36m304 [0m3.350 ms - -[0m
undefined
[0mGET /favicon.ico [31m500 [0m0.665 ms - -[0m
[0mPOST /country?name=South%20Africa&type=racecard [32m200 [0m75.278 ms - 44[0m
{ __v: 0,
  _meeting: 594997152a69b037d8c1b30b,
  handicap: 'No',
  _id: 594997152a69b037d8c1b30d,
  notifications: [],
  returns: [],
  horses: [],
  runners: '',
  max_runners: '11',
  trifecta: 'No',
  track_type: 'Turf',
  race_type: 'Flat',
  distance: '0m 4f 214y',
  title: 'Welcome To The Vaal Workriders Maiden Plate',
  stewards: 'No',
  statuses: [ { status: 'Dormant', created_at: 2017-06-20T21:43:49.359Z } ],
  time: '1145+0100',
  winning_time: '',
  supplier_off_time: '',
  current_revision: 0,
  x_reference: 'sou1706114508vaa',
  created_at: 2017-06-20T21:43:49.358Z }
{ notifications: 
   { name: 'RaceCardProcessed',
     timestamp: 2017-06-20T21:43:49.399Z },
  _raceref: 594997152a69b037d8c1b30d }
{ __v: 0,
  _meeting: 594997152a69b037d8c1b30b,
  handicap: 'Yes',
  _id: 594997152a69b037d8c1b313,
  notifications: [],
  returns: [],
  horses: [],
  runners: '',
  max_runners: '17',
  trifecta: 'No',
  track_type: 'Turf',
  race_type: 'Flat',
  distance: '0m 5f 212y',
  title: 'Book A Table 011 6811702 Fm 68 Handicap (F & M)',
  stewards: 'No',
  statuses: [ { status: 'Dormant', created_at: 2017-06-20T21:43:49.363Z } ],
  time: '1520+0100',
  winning_time: '',
  supplier_off_time: '',
  current_revision: 0,
  x_reference: 'sou1706152008vaa',
  created_at: 2017-06-20T21:43:49.363Z }
{ notifications: 
   { name: 'RaceCardProcessed',
     timestamp: 2017-06-20T21:43:49.402Z },
  _raceref: 594997152a69b037d8c1b313 }
{ __v: 0,
  _meeting: 594997152a69b037d8c1b30b,
  handicap: 'No',
  _id: 594997152a69b037d8c1b30f,
  notifications: [],
  returns: [],
  horses: [],
  runners: '',
  max_runners: '15',
  trifecta: 'No',
  track_type: 'Turf',
  race_type: 'Flat',
  distance: '0m 6f 211y',
  title: 'tellytrack.com Maiden Plate (F & M)',
  stewards: 'No',
  statuses: [ { status: 'Dormant', created_at: 2017-06-20T21:43:49.361Z } ],
  time: '1255+0100',
  winning_time: '',
  supplier_off_time: '',
  current_revision: 0,
  x_reference: 'sou1706125508vaa',
  created_at: 2017-06-20T21:43:49.361Z }
{ notifications: 
   { name: 'RaceCardProcessed',
     timestamp: 2017-06-20T21:43:49.404Z },
  _raceref: 594997152a69b037d8c1b30f }
{ __v: 0,
  _meeting: 594997152a69b037d8c1b30b,
  handicap: 'No',
  _id: 594997152a69b037d8c1b30e,
  notifications: [],
  returns: [],
  horses: [],
  runners: '',
  max_runners: '14',
  trifecta: 'No',
  track_type: 'Turf',
  race_type: 'Flat',
  distance: '0m 4f 214y',
  title: 'All To Come Maiden Plate (F & M)',
  stewards: 'No',
  statuses: [ { status: 'Dormant', created_at: 2017-06-20T21:43:49.360Z } ],
  time: '1220+0100',
  winning_time: '',
  supplier_off_time: '',
  current_revision: 0,
  x_reference: 'sou1706122008vaa',
  created_at: 2017-06-20T21:43:49.360Z }
{ notifications: 
   { name: 'RaceCardProcessed',
     timestamp: 2017-06-20T21:43:49.406Z },
  _raceref: 594997152a69b037d8c1b30e }
{ __v: 0,
  _meeting: 594997152a69b037d8c1b30b,
  handicap: 'Yes',
  _id: 594997152a69b037d8c1b314,
  notifications: [],
  returns: [],
  horses: [],
  runners: '',
  max_runners: '17',
  trifecta: 'No',
  track_type: 'Turf',
  race_type: 'Flat',
  distance: '0m 4f 214y',
  title: 'Next Vaal Race Meeting Tuesday 13 June Mr 72 Handicap',
  stewards: 'No',
  statuses: [ { status: 'Dormant', created_at: 2017-06-20T21:43:49.364Z } ],
  time: '1555+0100',
  winning_time: '',
  supplier_off_time: '',
  current_revision: 0,
  x_reference: 'sou1706155508vaa',
  created_at: 2017-06-20T21:43:49.364Z }
{ notifications: 
   { name: 'RaceCardProcessed',
     timestamp: 2017-06-20T21:43:49.409Z },
  _raceref: 594997152a69b037d8c1b314 }
{ __v: 0,
  _meeting: 594997152a69b037d8c1b30b,
  handicap: 'No',
  _id: 594997152a69b037d8c1b310,
  notifications: [],
  returns: [],
  horses: [],
  runners: '',
  max_runners: '17',
  trifecta: 'No',
  track_type: 'Turf',
  race_type: 'Flat',
  distance: '0m 6f 211y',
  title: 'Tab Maiden Plate',
  stewards: 'No',
  statuses: [ { status: 'Dormant', created_at: 2017-06-20T21:43:49.362Z } ],
  time: '1330+0100',
  winning_time: '',
  supplier_off_time: '',
  current_revision: 0,
  x_reference: 'sou1706133008vaa',
  created_at: 2017-06-20T21:43:49.362Z }
{ notifications: 
   { name: 'RaceCardProcessed',
     timestamp: 2017-06-20T21:43:49.411Z },
  _raceref: 594997152a69b037d8c1b310 }
{ __v: 0,
  _meeting: 594997152a69b037d8c1b30b,
  handicap: 'Yes',
  _id: 594997152a69b037d8c1b312,
  notifications: [],
  returns: [],
  horses: [],
  runners: '',
  max_runners: '15',
  trifecta: 'No',
  track_type: 'Turf',
  race_type: 'Flat',
  distance: '0m 7f 210y',
  title: 'Book For July Day In Jozi Fm 68 Handicap (F & M)',
  stewards: 'No',
  statuses: [ { status: 'Dormant', created_at: 2017-06-20T21:43:49.363Z } ],
  time: '1445+0100',
  winning_time: '',
  supplier_off_time: '',
  current_revision: 0,
  x_reference: 'sou1706144508vaa',
  created_at: 2017-06-20T21:43:49.363Z }
{ notifications: 
   { name: 'RaceCardProcessed',
     timestamp: 2017-06-20T21:43:49.412Z },
  _raceref: 594997152a69b037d8c1b312 }
{ __v: 0,
  _meeting: 594997152a69b037d8c1b30b,
  handicap: 'Yes',
  _id: 594997152a69b037d8c1b311,
  notifications: [],
  returns: [],
  horses: [],
  runners: '',
  max_runners: '17',
  trifecta: 'No',
  track_type: 'Turf',
  race_type: 'Flat',
  distance: '0m 6f 211y',
  title: 'www.itsarush.co.za Mr 72 Handicap',
  stewards: 'No',
  statuses: [ { status: 'Dormant', created_at: 2017-06-20T21:43:49.362Z } ],
  time: '1405+0100',
  winning_time: '',
  supplier_off_time: '',
  current_revision: 0,
  x_reference: 'sou1706140508vaa',
  created_at: 2017-06-20T21:43:49.362Z }
{ notifications: 
   { name: 'RaceCardProcessed',
     timestamp: 2017-06-20T21:43:49.465Z },
  _raceref: 594997152a69b037d8c1b311 }
{ create: [Function: create],
  update: [Function: update],
  find: [Function: find],
  findById: [Function: findById],
  delete: [Function: delete] }
[0mGET /notification [32m200 [0m4.803 ms - 1798[0m
undefined
[0mGET /favicon.ico [31m500 [0m0.476 ms - -[0m
undefined
[0mGET /notific [31m500 [0m1.694 ms - 44[0m
undefined
[0mGET /favicon.ico [31m500 [0m0.700 ms - -[0m
{ create: [Function: create],
  update: [Function: update],
  find: [Function: find],
  findById: [Function: findById],
  delete: [Function: delete] }
[0mGET /notification [36m304 [0m5.404 ms - -[0m
undefined
[0mGET /favicon.ico [31m500 [0m0.705 ms - -[0m
