[0mGET / [32m200 [0m25.295 ms - 264[0m
[0mGET /stylesheets/style.css [33m404 [0m3.455 ms - 1061[0m
[0mGET /build/bundle.js [33m404 [0m5.351 ms - 1061[0m
[0mGET /favicon.ico [33m404 [0m0.841 ms - 1061[0m
[0mGET / [36m304 [0m2.101 ms - -[0m
[0mGET /stylesheets/style.css [33m404 [0m0.997 ms - 1061[0m
[0mGET /build/bundle.js [33m404 [0m2.302 ms - 1061[0m
[0mGET / [32m200 [0m1.009 ms - 351[0m
[0mGET /stylesheets/style.css [33m404 [0m1.644 ms - 1061[0m
[0mGET / [32m200 [0m3.191 ms - 356[0m
[0mGET /stylesheets/style.css [33m404 [0m1.117 ms - 1061[0m
[0mGET / [32m200 [0m0.994 ms - 351[0m
[0mGET /stylesheets/style.css [33m404 [0m0.744 ms - 1061[0m
[0mGET / [32m200 [0m2.534 ms - 406[0m
[0mGET /stylesheets/style.css [33m404 [0m0.997 ms - 1061[0m
[0mGET /stylesheets/style.css [33m404 [0m2.573 ms - 1061[0m
[0mGET / [32m200 [0m1.597 ms - 448[0m
[0mGET /stylesheets/style.css [33m404 [0m1.127 ms - 1061[0m
[0mGET / [36m304 [0m1.470 ms - -[0m
[0mGET /stylesheets/style.css [33m404 [0m0.876 ms - 1061[0m
[0mGET / [36m304 [0m1.281 ms - -[0m
[0mGET /stylesheets/style.css [33m404 [0m2.371 ms - 1061[0m
[0mGET / [32m200 [0m1.352 ms - 448[0m
[0mGET /src/app.js [32m200 [0m3.662 ms - 115[0m
[0mGET /stylesheets/style.css [33m404 [0m1.589 ms - 1061[0m
[0mGET /favicon.ico [33m404 [0m1.222 ms - 1061[0m
[0mGET / [36m304 [0m4.221 ms - -[0m
[0mGET /stylesheets/style.css [33m404 [0m1.600 ms - 1061[0m
[0mGET /src/app.js [32m200 [0m8.606 ms - 113[0m
[0mGET / [36m304 [0m2.585 ms - -[0m
[0mGET /stylesheets/style.css [33m404 [0m2.247 ms - 1061[0m
[0mGET /src/app.js [32m200 [0m3.690 ms - 172[0m
[0mGET / [32m200 [0m1.450 ms - 477[0m
[0mGET /stylesheets/style.css [33m404 [0m2.336 ms - 1061[0m
[0mGET /src/app.js [36m304 [0m2.976 ms - -[0m
[0mGET / [36m304 [0m2.261 ms - -[0m
[0mGET /stylesheets/style.css [33m404 [0m3.631 ms - 1061[0m
[0mGET /src/app.js [32m200 [0m3.571 ms - 444[0m
[0mGET / [36m304 [0m0.819 ms - -[0m
[0mGET /stylesheets/style.css [33m404 [0m1.858 ms - 1061[0m
[0mGET /src/app.js [32m200 [0m15.971 ms - 435[0m
[0mGET / [36m304 [0m1.040 ms - -[0m
[0mGET /stylesheets/style.css [33m404 [0m1.195 ms - 1061[0m
[0mGET /src/app.js [32m200 [0m2.423 ms - 887[0m
[0mGET / [36m304 [0m1.776 ms - -[0m
[0mGET /stylesheets/style.css [33m404 [0m1.576 ms - 1061[0m
[0mGET /src/app.js [36m304 [0m3.644 ms - -[0m
[0mGET / [36m304 [0m1.737 ms - -[0m
[0mGET /stylesheets/style.css [33m404 [0m2.183 ms - 1061[0m
[0mGET /src/app.js [32m200 [0m1.281 ms - 883[0m
[0mGET / [36m304 [0m1.077 ms - -[0m
[0mGET /stylesheets/style.css [33m404 [0m1.532 ms - 1061[0m
[0mGET /src/app.js [32m200 [0m3.643 ms - 892[0m
[0mGET / [36m304 [0m0.862 ms - -[0m
[0mGET /stylesheets/style.css [33m404 [0m1.459 ms - 1061[0m
[0mGET /src/app.js [32m200 [0m0.460 ms - 904[0m
[0mGET / [32m200 [0m1.204 ms - 508[0m
[0mGET /stylesheets/style.css [33m404 [0m2.674 ms - 1061[0m
[0mGET /src/app.js [32m200 [0m8.111 ms - 936[0m
[0mGET / [36m304 [0m1.270 ms - -[0m
[0mGET /stylesheets/style.css [33m404 [0m2.030 ms - 1061[0m
[0mGET /src/app.js [32m200 [0m0.984 ms - 918[0m
[0mGET / [36m304 [0m1.072 ms - -[0m
[0mGET /stylesheets/style.css [33m404 [0m2.019 ms - 1061[0m
[0mGET /src/app.js [32m200 [0m5.557 ms - 908[0m
[0mGET / [36m304 [0m1.091 ms - -[0m
[0mGET /stylesheets/style.css [33m404 [0m1.101 ms - 1061[0m
[0mGET /src/app.js [32m200 [0m3.385 ms - 931[0m
[0mGET / [36m304 [0m4.274 ms - -[0m
[0mGET /stylesheets/style.css [33m404 [0m3.140 ms - 1061[0m
[0mGET /src/app.js [32m200 [0m4.025 ms - 945[0m
[0mGET / [36m304 [0m1.188 ms - -[0m
[0mGET /stylesheets/style.css [33m404 [0m5.460 ms - 1061[0m
[0mGET /src/app.js [32m200 [0m2.223 ms - 941[0m
[0mGET / [36m304 [0m1.001 ms - -[0m
[0mGET /stylesheets/style.css [33m404 [0m1.374 ms - 1061[0m
[0mGET /src/app.js [32m200 [0m2.548 ms - 936[0m
[0mGET / [36m304 [0m0.623 ms - -[0m
[0mGET /stylesheets/style.css [33m404 [0m4.000 ms - 1061[0m
[0mGET /src/app.js [32m200 [0m1.043 ms - 931[0m
[0mGET / [36m304 [0m0.754 ms - -[0m
[0mGET /stylesheets/style.css [33m404 [0m2.014 ms - 1061[0m
[0mGET /src/app.js [32m200 [0m10.210 ms - 936[0m
[0mGET / [36m304 [0m1.178 ms - -[0m
[0mGET /stylesheets/style.css [33m404 [0m1.682 ms - 1061[0m
[0mGET /src/app.js [32m200 [0m0.463 ms - 971[0m
[0mGET / [36m304 [0m0.623 ms - -[0m
[0mGET /stylesheets/style.css [33m404 [0m1.643 ms - 1061[0m
[0mGET /src/app.js [32m200 [0m3.893 ms - 983[0m
[0mGET / [36m304 [0m2.207 ms - -[0m
[0mGET /stylesheets/style.css [33m404 [0m1.470 ms - 1061[0m
[0mGET /src/app.js [32m200 [0m2.798 ms - 991[0m
[0mGET / [36m304 [0m0.827 ms - -[0m
[0mGET /stylesheets/style.css [33m404 [0m0.926 ms - 1061[0m
[0mGET /src/app.js [36m304 [0m1.304 ms - -[0m
[0mGET / [36m304 [0m2.181 ms - -[0m
[0mGET /stylesheets/style.css [33m404 [0m1.721 ms - 1061[0m
[0mGET /src/app.js [32m200 [0m7.115 ms - 983[0m
[0mGET / [36m304 [0m0.719 ms - -[0m
[0mGET /stylesheets/style.css [33m404 [0m3.899 ms - 1061[0m
[0mGET /src/app.js [32m200 [0m3.833 ms - 988[0m
[0mGET / [36m304 [0m0.700 ms - -[0m
[0mGET /stylesheets/style.css [33m404 [0m0.877 ms - 1061[0m
[0mGET /src/app.js [32m200 [0m0.992 ms - 983[0m
[0mGET / [36m304 [0m0.852 ms - -[0m
[0mGET /stylesheets/style.css [33m404 [0m1.438 ms - 1061[0m
[0mGET /src/app.js [32m200 [0m4.560 ms - 990[0m
[0mGET / [36m304 [0m4.115 ms - -[0m
[0mGET /stylesheets/style.css [33m404 [0m1.319 ms - 1061[0m
[0mGET /src/app.js [32m200 [0m9.759 ms - 990[0m
[0mGET / [36m304 [0m0.661 ms - -[0m
[0mGET /stylesheets/style.css [33m404 [0m1.563 ms - 1061[0m
[0mGET /src/app.js [32m200 [0m2.110 ms - 1002[0m
[0mGET / [36m304 [0m0.863 ms - -[0m
[0mGET /stylesheets/style.css [33m404 [0m2.803 ms - 1061[0m
[0mGET /src/app.js [36m304 [0m0.863 ms - -[0m
[0mGET / [36m304 [0m0.656 ms - -[0m
[0mGET /stylesheets/style.css [33m404 [0m1.037 ms - 1061[0m
[0mGET /src/app.js [32m200 [0m2.338 ms - 1018[0m
[0mGET / [36m304 [0m0.674 ms - -[0m
[0mGET /stylesheets/style.css [33m404 [0m0.844 ms - 1061[0m
[0mGET /src/app.js [32m200 [0m2.189 ms - 1014[0m
[0mGET / [36m304 [0m0.732 ms - -[0m
[0mGET /stylesheets/style.css [33m404 [0m1.915 ms - 1061[0m
[0mGET /src/app.js [32m200 [0m2.492 ms - 1006[0m
[0mGET / [32m200 [0m1.585 ms - 508[0m
[0mGET /stylesheets/style.css [33m404 [0m1.156 ms - 1061[0m
[0mGET /src/app.js [32m200 [0m2.058 ms - 1006[0m
[0mGET /stylesheets/style.css [33m404 [0m0.647 ms - 1061[0m
[0mGET / [36m304 [0m0.762 ms - -[0m
[0mGET /stylesheets/style.css [33m404 [0m0.904 ms - 1061[0m
[0mGET /src/app.js [36m304 [0m4.684 ms - -[0m
[0mGET /stylesheets/style.css [33m404 [0m1.170 ms - 1061[0m
[0mGET / [32m200 [0m0.835 ms - 508[0m
[0mGET /stylesheets/style.css [33m404 [0m1.473 ms - 1061[0m
[0mGET /src/app.js [32m200 [0m0.371 ms - 1006[0m
[0mGET /stylesheets/style.css [33m404 [0m0.855 ms - 1061[0m
[0mGET / [36m304 [0m0.813 ms - -[0m
[0mGET /stylesheets/style.css [33m404 [0m1.043 ms - 1061[0m
[0mGET /src/app.js [36m304 [0m1.820 ms - -[0m
[0mGET / [36m304 [0m4.641 ms - -[0m
[0mGET /stylesheets/style.css [33m404 [0m1.826 ms - 1061[0m
[0mGET /src/app.js [36m304 [0m2.158 ms - -[0m
[0mGET / [36m304 [0m0.630 ms - -[0m
[0mGET /stylesheets/style.css [33m404 [0m1.117 ms - 1061[0m
[0mGET /src/app.js [36m304 [0m1.482 ms - -[0m
[0mGET / [36m304 [0m1.968 ms - -[0m
[0mGET /stylesheets/style.css [33m404 [0m1.410 ms - 1061[0m
[0mGET /src/app.js [32m200 [0m2.380 ms - 1011[0m
[0mGET / [36m304 [0m0.727 ms - -[0m
[0mGET /stylesheets/style.css [33m404 [0m1.472 ms - 1061[0m
[0mGET /src/app.js [32m200 [0m2.481 ms - 1016[0m
[0mGET / [36m304 [0m1.062 ms - -[0m
[0mGET /stylesheets/style.css [33m404 [0m0.947 ms - 1061[0m
[0mGET /src/app.js [32m200 [0m1.292 ms - 1016[0m
[0mGET /stylesheets/style.css [33m404 [0m0.916 ms - 1061[0m
[0mGET / [36m304 [0m0.997 ms - -[0m
[0mGET /stylesheets/style.css [33m404 [0m0.839 ms - 1061[0m
[0mGET /stylesheets/style.css [33m404 [0m11.609 ms - 1061[0m
[0mGET /src/app.js [32m200 [0m1.090 ms - 1011[0m
[0mGET / [36m304 [0m0.665 ms - -[0m
[0mGET /stylesheets/style.css [33m404 [0m2.042 ms - 1061[0m
[0mGET /stylesheets/style.css [33m404 [0m2.893 ms - 1061[0m
[0mGET /src/app.js [32m200 [0m5.065 ms - 999[0m
[0mGET / [36m304 [0m0.624 ms - -[0m
[0mGET /stylesheets/style.css [33m404 [0m0.730 ms - 1061[0m
[0mGET /stylesheets/style.css [33m404 [0m4.973 ms - 1061[0m
[0mGET /src/app.js [32m200 [0m4.521 ms - 1004[0m
[0mGET / [36m304 [0m1.481 ms - -[0m
[0mGET /stylesheets/style.css [33m404 [0m2.691 ms - 1061[0m
[0mGET /stylesheets/style.css [33m404 [0m0.674 ms - 1061[0m
[0mGET /src/app.js [32m200 [0m31.195 ms - 1020[0m
[0mGET / [36m304 [0m1.038 ms - -[0m
[0mGET /stylesheets/style.css [33m404 [0m0.828 ms - 1061[0m
[0mGET /src/app.js [32m200 [0m1.513 ms - 1006[0m
[0mGET / [36m304 [0m1.382 ms - -[0m
[0mGET /stylesheets/style.css [33m404 [0m0.987 ms - 1061[0m
[0mGET /src/app.js [32m200 [0m7.571 ms - 1011[0m
[0mGET / [36m304 [0m0.713 ms - -[0m
[0mGET /stylesheets/style.css [33m404 [0m2.818 ms - 1061[0m
[0mGET /src/app.js [32m200 [0m1.144 ms - 1023[0m
[0mGET / [36m304 [0m6.679 ms - -[0m
[0mGET /stylesheets/style.css [33m404 [0m0.762 ms - 1061[0m
[0mGET /src/app.js [32m200 [0m1.330 ms - 1031[0m
[0mGET / [36m304 [0m1.961 ms - -[0m
[0mGET /stylesheets/style.css [33m404 [0m1.885 ms - 1061[0m
[0mGET /src/app.js [32m200 [0m0.494 ms - 1019[0m
[0mGET / [36m304 [0m1.135 ms - -[0m
[0mGET /stylesheets/style.css [33m404 [0m1.291 ms - 1061[0m
[0mGET /src/app.js [32m200 [0m1.703 ms - 1011[0m
[0mGET / [36m304 [0m0.814 ms - -[0m
[0mGET /stylesheets/style.css [33m404 [0m1.725 ms - 1061[0m
[0mGET /src/app.js [32m200 [0m2.466 ms - 1013[0m
[0mGET / [36m304 [0m0.736 ms - -[0m
[0mGET /stylesheets/style.css [33m404 [0m1.267 ms - 1061[0m
[0mGET /src/app.js [32m200 [0m1.959 ms - 1016[0m
[0mGET / [36m304 [0m0.979 ms - -[0m
[0mGET /stylesheets/style.css [33m404 [0m2.790 ms - 1061[0m
[0mGET /src/app.js [32m200 [0m7.477 ms - 983[0m
[0mGET / [36m304 [0m1.053 ms - -[0m
[0mGET /stylesheets/style.css [33m404 [0m0.685 ms - 1061[0m
[0mGET /src/app.js [32m200 [0m0.497 ms - 991[0m
[0mGET / [36m304 [0m0.670 ms - -[0m
[0mGET /stylesheets/style.css [33m404 [0m2.057 ms - 1061[0m
[0mGET /src/app.js [36m304 [0m1.927 ms - -[0m
[0mGET / [36m304 [0m0.609 ms - -[0m
[0mGET /stylesheets/style.css [33m404 [0m1.691 ms - 1061[0m
[0mGET /src/app.js [36m304 [0m2.059 ms - -[0m
[0mGET / [36m304 [0m0.746 ms - -[0m
[0mGET /stylesheets/style.css [33m404 [0m1.215 ms - 1061[0m
[0mGET /src/app.js [36m304 [0m5.789 ms - -[0m
[0mGET / [36m304 [0m0.642 ms - -[0m
[0mGET /stylesheets/style.css [33m404 [0m0.607 ms - 1061[0m
[0mGET /src/app.js [32m200 [0m0.445 ms - 971[0m
[0mGET / [36m304 [0m0.610 ms - -[0m
[0mGET /stylesheets/style.css [33m404 [0m0.923 ms - 1061[0m
[0mGET /src/app.js [32m200 [0m0.366 ms - 983[0m
[0mGET / [36m304 [0m0.663 ms - -[0m
[0mGET /stylesheets/style.css [33m404 [0m2.675 ms - 1061[0m
[0mGET /src/app.js [32m200 [0m2.616 ms - 988[0m
[0mGET / [36m304 [0m0.701 ms - -[0m
[0mGET /stylesheets/style.css [33m404 [0m0.823 ms - 1061[0m
[0mGET /src/app.js [32m200 [0m1.073 ms - 988[0m
[0mGET / [36m304 [0m0.895 ms - -[0m
[0mGET /stylesheets/style.css [33m404 [0m1.395 ms - 1061[0m
[0mGET /src/app.js [32m200 [0m0.550 ms - 983[0m
[0mGET / [36m304 [0m0.775 ms - -[0m
[0mGET /stylesheets/style.css [33m404 [0m0.831 ms - 1061[0m
[0mGET /src/app.js [32m200 [0m0.837 ms - 991[0m
[0mGET / [36m304 [0m4.429 ms - -[0m
[0mGET /stylesheets/style.css [33m404 [0m1.103 ms - 1061[0m
[0mGET /src/app.js [32m200 [0m0.659 ms - 992[0m
[0mGET / [36m304 [0m1.232 ms - -[0m
[0mGET /stylesheets/style.css [33m404 [0m0.846 ms - 1061[0m
[0mGET /src/app.js [32m200 [0m1.498 ms - 992[0m
[0mGET / [36m304 [0m0.619 ms - -[0m
[0mGET /stylesheets/style.css [33m404 [0m2.596 ms - 1061[0m
[0mGET /src/app.js [32m200 [0m2.974 ms - 987[0m
[0mGET / [36m304 [0m0.874 ms - -[0m
[0mGET /stylesheets/style.css [33m404 [0m0.789 ms - 1061[0m
[0mGET /src/app.js [32m200 [0m0.375 ms - 983[0m
[0mGET / [36m304 [0m0.617 ms - -[0m
[0mGET /stylesheets/style.css [33m404 [0m2.816 ms - 1061[0m
[0mGET /src/app.js [32m200 [0m4.542 ms - 988[0m
[0mGET / [36m304 [0m0.656 ms - -[0m
[0mGET /stylesheets/style.css [33m404 [0m0.856 ms - 1061[0m
[0mGET /src/app.js [32m200 [0m0.543 ms - 984[0m
[0mGET / [36m304 [0m0.619 ms - -[0m
[0mGET /stylesheets/style.css [33m404 [0m0.753 ms - 1061[0m
[0mGET /src/app.js [32m200 [0m0.973 ms - 962[0m
[0mGET / [36m304 [0m0.689 ms - -[0m
[0mGET /stylesheets/style.css [33m404 [0m1.059 ms - 1061[0m
[0mGET /src/app.js [36m304 [0m1.336 ms - -[0m
[0mGET / [36m304 [0m0.958 ms - -[0m
[0mGET /stylesheets/style.css [33m404 [0m0.969 ms - 1061[0m
[0mGET /src/app.js [32m200 [0m0.553 ms - 965[0m
[0mGET / [36m304 [0m0.666 ms - -[0m
[0mGET /stylesheets/style.css [33m404 [0m0.858 ms - 1061[0m
[0mGET /src/app.js [32m200 [0m1.803 ms - 974[0m
[0mGET / [36m304 [0m0.832 ms - -[0m
[0mGET /stylesheets/style.css [33m404 [0m0.626 ms - 1061[0m
[0mGET /src/app.js [32m200 [0m0.515 ms - 974[0m
[0mGET / [36m304 [0m1.634 ms - -[0m
[0mGET /stylesheets/style.css [33m404 [0m0.824 ms - 1061[0m
[0mGET /src/app.js [32m200 [0m1.433 ms - 990[0m
[0mGET / [36m304 [0m1.867 ms - -[0m
[0mGET /stylesheets/style.css [33m404 [0m1.366 ms - 1061[0m
[0mGET /src/app.js [32m200 [0m18.155 ms - 986[0m
[0mGET / [36m304 [0m2.272 ms - -[0m
[0mGET /stylesheets/style.css [33m404 [0m1.158 ms - 1061[0m
[0mGET /src/app.js [32m200 [0m3.425 ms - 991[0m
[0mGET / [36m304 [0m0.823 ms - -[0m
[0mGET /stylesheets/style.css [33m404 [0m0.943 ms - 1061[0m
[0mGET /src/app.js [32m200 [0m6.946 ms - 977[0m
[0mGET / [36m304 [0m0.723 ms - -[0m
[0mGET /stylesheets/style.css [33m404 [0m1.398 ms - 1061[0m
[0mGET /src/app.js [32m200 [0m2.436 ms - 965[0m
[0mGET / [36m304 [0m1.014 ms - -[0m
[0mGET /stylesheets/style.css [33m404 [0m1.014 ms - 1061[0m
[0mGET /src/app.js [32m200 [0m5.085 ms - 1048[0m
[0mGET / [36m304 [0m0.990 ms - -[0m
[0mGET /stylesheets/style.css [33m404 [0m0.743 ms - 1061[0m
[0mGET /src/app.js [32m200 [0m1.667 ms - 1044[0m
[0mGET / [36m304 [0m1.199 ms - -[0m
[0mGET /stylesheets/style.css [33m404 [0m0.784 ms - 1061[0m
[0mGET /src/app.js [32m200 [0m1.489 ms - 1075[0m
[0mGET / [36m304 [0m0.747 ms - -[0m
[0mGET /stylesheets/style.css [33m404 [0m1.279 ms - 1061[0m
[0mGET /src/app.js [36m304 [0m0.502 ms - -[0m
[0mGET / [36m304 [0m0.600 ms - -[0m
[0mGET /stylesheets/style.css [33m404 [0m2.241 ms - 1061[0m
[0mGET /src/app.js [32m200 [0m1.199 ms - 1080[0m
[0mGET / [36m304 [0m0.628 ms - -[0m
[0mGET /stylesheets/style.css [33m404 [0m1.031 ms - 1061[0m
[0mGET /src/app.js [32m200 [0m0.446 ms - 1085[0m
[0mGET / [36m304 [0m0.892 ms - -[0m
[0mGET /stylesheets/style.css [33m404 [0m0.821 ms - 1061[0m
[0mGET /src/app.js [32m200 [0m1.759 ms - 1089[0m
[0mGET / [36m304 [0m0.604 ms - -[0m
[0mGET /stylesheets/style.css [33m404 [0m0.869 ms - 1061[0m
[0mGET /src/app.js [32m200 [0m1.647 ms - 1118[0m
[0mGET / [36m304 [0m0.802 ms - -[0m
[0mGET /stylesheets/style.css [33m404 [0m3.506 ms - 1061[0m
[0mGET /src/app.js [32m200 [0m1.380 ms - 1157[0m
[0mGET / [36m304 [0m0.650 ms - -[0m
[0mGET /stylesheets/style.css [33m404 [0m0.761 ms - 1061[0m
[0mGET /src/app.js [32m200 [0m10.558 ms - 1068[0m
[0mGET / [36m304 [0m0.625 ms - -[0m
[0mGET /stylesheets/style.css [33m404 [0m0.768 ms - 1061[0m
[0mGET /src/app.js [32m200 [0m2.000 ms - 1094[0m
[0mGET / [36m304 [0m1.148 ms - -[0m
[0mGET /stylesheets/style.css [33m404 [0m0.824 ms - 1061[0m
[0mGET /src/app.js [36m304 [0m1.139 ms - -[0m
[0mGET / [36m304 [0m1.120 ms - -[0m
[0mGET /stylesheets/style.css [33m404 [0m0.682 ms - 1061[0m
[0mGET /src/app.js [36m304 [0m0.227 ms - -[0m
[0mGET / [36m304 [0m0.644 ms - -[0m
[0mGET /stylesheets/style.css [33m404 [0m0.881 ms - 1061[0m
[0mGET /src/app.js [32m200 [0m13.271 ms - 1106[0m
[0mGET / [36m304 [0m2.354 ms - -[0m
[0mGET /stylesheets/style.css [33m404 [0m0.758 ms - 1061[0m
[0mGET /src/app.js [32m200 [0m5.345 ms - 1109[0m
[0mGET / [36m304 [0m1.927 ms - -[0m
[0mGET /stylesheets/style.css [33m404 [0m0.919 ms - 1061[0m
[0mGET /src/app.js [32m200 [0m1.710 ms - 1128[0m
[0mGET / [36m304 [0m0.741 ms - -[0m
[0mGET /stylesheets/style.css [33m404 [0m0.947 ms - 1061[0m
[0mGET /src/app.js [32m200 [0m0.483 ms - 1143[0m
[0mGET / [36m304 [0m0.670 ms - -[0m
[0mGET /stylesheets/style.css [33m404 [0m0.959 ms - 1061[0m
[0mGET /src/app.js [32m200 [0m1.948 ms - 1144[0m
[0mGET / [36m304 [0m0.725 ms - -[0m
[0mGET /stylesheets/style.css [33m404 [0m0.806 ms - 1061[0m
[0mGET /src/app.js [32m200 [0m1.718 ms - 1144[0m
[0mGET / [36m304 [0m1.215 ms - -[0m
[0mGET /stylesheets/style.css [33m404 [0m1.194 ms - 1061[0m
[0mGET /src/app.js [32m200 [0m1.781 ms - 1141[0m
